#
# A fatal error has been detected by the Java Runtime Environment:
#
#  SIGSEGV (0xb) at pc=0x0000000106acd718, pid=22050, tid=0x0000000000004303
#
# JRE version: Java(TM) SE Runtime Environment (8.0_172-b11) (build 1.8.0_172-b11)
# Java VM: Java HotSpot(TM) 64-Bit Server VM (25.172-b11 mixed mode bsd-amd64 compressed oops)
# Problematic frame:
# V  [libjvm.dylib+0x24e718]  frame::sender(RegisterMap*) const+0x78
#
# Failed to write core dump. Core dumps have been disabled. To enable core dumping, try "ulimit -c unlimited" before starting Java again
#
# If you would like to submit a bug report, please visit:
#   http://bugreport.java.com/bugreport/crash.jsp
#

---------------  T H R E A D  ---------------

Current thread (0x00007ffc9a023000):  JavaThread "JDWP Transport Listener: dt_socket" daemon [_thread_in_vm, id=17155, stack(0x0000700000b3b000,0x0000700000c3b000)]

siginfo: si_signo: 11 (SIGSEGV), si_code: 0 (unknown), si_addr: 0x0000000000000000

Registers:
RAX=0x4855c35de5894855, RBX=0x0000700000c39cd0, RCX=0x4855c35dc031e589, RDX=0x0000000108245620
RSP=0x0000700000c39c40, RBP=0x0000700000c39c60, RSI=0x00007ffc9a309418, RDI=0x00007ffc9a309418
R8 =0x00007ffc9a3094a8, R9 =0x0000700000c39d60, R10=0x00007000013e6788, R11=0xfffff003669308b8
R12=0x0000700000c39cd0, R13=0x00007ffc9a023000, R14=0x0000700000c39d00, R15=0x00007ffc9a309418
RIP=0x0000000106acd718, EFLAGS=0x0000000000010246, ERR=0x0000000000000000
  TRAPNO=0x000000000000000d

Top of Stack: (sp=0x0000700000c39c40)
0x0000700000c39c40:   0000700000c39d00 00007ffc99d019f0
0x0000700000c39c50:   0000700000c39cd0 0000700000c3a2f0
0x0000700000c39c60:   0000700000c39cc0 0000000106acc11c
0x0000700000c39c70:   0000700000c39cb0 0000000106acd4a0
0x0000700000c39c80:   0000700000c39cb0 0000700000c39d50
0x0000700000c39c90:   0000700000c39d50 00007ffc9a308e10
0x0000700000c39ca0:   00007ffc99d019f0 00007ffc9a309410
0x0000700000c39cb0:   00000000000011c8 0000700000c3a2f0
0x0000700000c39cc0:   0000700000c3a2c0 0000000106e2df2e
0x0000700000c39cd0:   0000000106a41e86 4855c35dc031e589
0x0000700000c39ce0:   0000000000000000 0000000100000000
0x0000700000c39cf0:   4855c35de5894855 0000000106a41e86
0x0000700000c39d00:   0000000000000000 0000000000000000
0x0000700000c39d10:   0000000000000000 0000000000000000
0x0000700000c39d20:   0000000000000000 0000000000000000
0x0000700000c39d30:   0000000000000000 0000000000000000
0x0000700000c39d40:   0000000000000000 0000000000000000
0x0000700000c39d50:   00007000013e6788 00007000013e6788
0x0000700000c39d60:   0000000000000000 0000000000000000
0x0000700000c39d70:   0000000000000000 0000000000000000
0x0000700000c39d80:   0000000000000000 0000000000000000
0x0000700000c39d90:   0000000000000000 0000000000000000
0x0000700000c39da0:   0000000000000000 0000000000000000
0x0000700000c39db0:   0000000000000000 0000000000000000
0x0000700000c39dc0:   0000000000000000 0000000000000000
0x0000700000c39dd0:   0000000000000000 0000000000000000
0x0000700000c39de0:   0000000000000000 0000000000000000
0x0000700000c39df0:   0000000000000000 0000000000000000
0x0000700000c39e00:   0000000000000000 0000000000000000
0x0000700000c39e10:   0000000000000000 0000000000000000
0x0000700000c39e20:   0000000000000000 0000000000000000
0x0000700000c39e30:   0000000000000000 0000000000000000 

Instructions: (pc=0x0000000106acd718)
0x0000000106acd6f8:   fd ff ff eb 77 49 83 7f 10 00 74 10 4c 89 e7 4c
0x0000000106acd708:   89 fe 4c 89 f2 e8 06 fe ff ff eb 60 49 8b 47 20
0x0000000106acd718:   48 8b 08 48 8b 78 08 48 83 c0 10 49 89 04 24 49
0x0000000106acd728:   89 44 24 28 49 89 4c 24 20 49 89 7c 24 08 e8 13 

Register to memory mapping:

RAX=0x4855c35de5894855 is an unknown value
RBX=0x0000700000c39cd0 is pointing into the stack for thread: 0x00007ffc9a023000
RCX=0x4855c35dc031e589 is an unknown value
RDX=0x0000000108245620 is an unknown value
RSP=0x0000700000c39c40 is pointing into the stack for thread: 0x00007ffc9a023000
RBP=0x0000700000c39c60 is pointing into the stack for thread: 0x00007ffc9a023000
RSI=0x00007ffc9a309418 is an unknown value
RDI=0x00007ffc9a309418 is an unknown value
R8 =0x00007ffc9a3094a8 is an unknown value
R9 =0x0000700000c39d60 is pointing into the stack for thread: 0x00007ffc9a023000
R10=0x00007000013e6788 is pointing into the stack for thread: 0x00007ffc9b049000
R11=0xfffff003669308b8 is an unknown value
R12=0x0000700000c39cd0 is pointing into the stack for thread: 0x00007ffc9a023000
R13=0x00007ffc9a023000 is a thread
R14=0x0000700000c39d00 is pointing into the stack for thread: 0x00007ffc9a023000
R15=0x00007ffc9a309418 is an unknown value


Stack: [0x0000700000b3b000,0x0000700000c3b000],  sp=0x0000700000c39c40,  free space=1019k
Native frames: (J=compiled Java code, j=interpreted, Vv=VM code, C=native code)
V  [libjvm.dylib+0x24e718]  frame::sender(RegisterMap*) const+0x78
V  [libjvm.dylib+0x24d11c]  frame::real_sender(RegisterMap*) const+0x1e
V  [libjvm.dylib+0x5aef2e]  vframe::sender() const+0x58
V  [libjvm.dylib+0x5ae9d5]  vframe::java_sender() const+0x2d
V  [libjvm.dylib+0x38f296]  JvmtiEnvBase::vframeFor(JavaThread*, int)+0x5c
V  [libjvm.dylib+0x38f60f]  JvmtiEnvBase::get_frame_location(JavaThread*, int, _jmethodID**, long*)+0x6f
V  [libjvm.dylib+0x38afbe]  JvmtiEnv::GetFrameLocation(JavaThread*, int, _jmethodID**, long*)+0x50
V  [libjvm.dylib+0x360ac3]  jvmti_GetFrameLocation+0x156
C  [libjdwp.dylib+0x8666]  frames+0x1f5
C  [libjdwp.dylib+0xe50c]  debugLoop_run+0x1c2
C  [libjdwp.dylib+0x1f5de]  attachThread+0x4d
V  [libjvm.dylib+0x39d844]  JvmtiAgentThread::call_start_function()+0x38
V  [libjvm.dylib+0x570a2f]  JavaThread::thread_main_inner()+0x9b
V  [libjvm.dylib+0x57212a]  JavaThread::run()+0x1c2
V  [libjvm.dylib+0x48f2f6]  java_start(Thread*)+0xf6
C  [libsystem_pthread.dylib+0x399d]  _pthread_body+0x83
C  [libsystem_pthread.dylib+0x391a]  _pthread_body+0x0
C  [libsystem_pthread.dylib+0x1351]  thread_start+0xd
C  0x0000000000000000


---------------  P R O C E S S  ---------------

Java Threads: ( => current thread )
  0x00007ffc9ab22800 JavaThread "SIGTERM handler" daemon [_thread_blocked, id=18183, stack(0x0000700000932000,0x0000700000a32000)]
  0x00007ffc9b049000 JavaThread "Thread-0" [_thread_blocked, id=21251, stack(0x0000700001353000,0x0000700001453000)]
  0x00007ffc9a038800 JavaThread "Service Thread" daemon [_thread_blocked, id=20227, stack(0x000070000114d000,0x000070000124d000)]
  0x00007ffc9b832000 JavaThread "C1 CompilerThread2" daemon [_thread_blocked, id=19715, stack(0x000070000104a000,0x000070000114a000)]
  0x00007ffc9b859800 JavaThread "C2 CompilerThread1" daemon [_thread_blocked, id=19203, stack(0x0000700000f47000,0x0000700001047000)]
  0x00007ffc9b859000 JavaThread "C2 CompilerThread0" daemon [_thread_blocked, id=18691, stack(0x0000700000e44000,0x0000700000f44000)]
  0x00007ffc9b813000 JavaThread "JDWP Event Helper Thread" daemon [_thread_blocked, id=17667, stack(0x0000700000c3e000,0x0000700000d3e000)]
=>0x00007ffc9a023000 JavaThread "JDWP Transport Listener: dt_socket" daemon [_thread_in_vm, id=17155, stack(0x0000700000b3b000,0x0000700000c3b000)]
  0x00007ffc9a020800 JavaThread "Signal Dispatcher" daemon [_thread_blocked, id=13331, stack(0x0000700000a38000,0x0000700000b38000)]
  0x00007ffc9b00c800 JavaThread "Finalizer" daemon [_thread_blocked, id=12291, stack(0x000070000082f000,0x000070000092f000)]
  0x00007ffc9b00c000 JavaThread "Reference Handler" daemon [_thread_blocked, id=11779, stack(0x000070000072c000,0x000070000082c000)]
  0x00007ffc9a801000 JavaThread "main" [_thread_blocked, id=5891, stack(0x000070000011a000,0x000070000021a000)]

Other Threads:
  0x00007ffc9b80d000 VMThread [stack: 0x0000700000629000,0x0000700000729000] [id=11267]

VM state:synchronizing (normal execution)

VM Mutex/Monitor currently owned by a thread:  ([mutex/lock_event])
[0x00007ffc99d035f0] Threads_lock - owner thread: 0x00007ffc9b80d000
[0x00007ffc99d03ff0] Compile_lock - owner thread: 0x00007ffc9b049000

Heap:
 PSYoungGen      total 38400K, used 8670K [0x0000000795580000, 0x0000000798000000, 0x00000007c0000000)
  eden space 33280K, 26% used [0x0000000795580000,0x0000000795df7ae0,0x0000000797600000)
  from space 5120K, 0% used [0x0000000797b00000,0x0000000797b00000,0x0000000798000000)
  to   space 5120K, 0% used [0x0000000797600000,0x0000000797600000,0x0000000797b00000)
 ParOldGen       total 87552K, used 0K [0x0000000740000000, 0x0000000745580000, 0x0000000795580000)
  object space 87552K, 0% used [0x0000000740000000,0x0000000740000000,0x0000000745580000)
 Metaspace       used 4951K, capacity 5074K, committed 5248K, reserved 1056768K
  class space    used 518K, capacity 561K, committed 640K, reserved 1048576K

Card table byte_map: [0x00000001175c0000,0x00000001179c1000] byte_map_base: 0x0000000113bc0000

Marking Bits: (ParMarkBitMap*) 0x0000000107179ae0
 Begin Bits: [0x0000000117c6c000, 0x0000000119c6c000)
 End Bits:   [0x0000000119c6c000, 0x000000011bc6c000)

Polling page: 0x000000010787c000

CodeCache: size=245760Kb used=1407Kb max_used=1407Kb free=244352Kb
 bounds [0x0000000108200000, 0x0000000108470000, 0x0000000117200000]
 total_blobs=429 nmethods=149 adapters=202
 compilation: enabled

Compilation events (10 events):
Event: 0.694 Thread 0x00007ffc9b832000  145       3       org.eclipse.jdt.launching.internal.org.objectweb.asm.ClassReader::readClass (7 bytes)
Event: 0.694 Thread 0x00007ffc9b832000 nmethod 145 0x000000010835c610 code [0x000000010835c7c0, 0x000000010835cd08]
Event: 0.694 Thread 0x00007ffc9b832000  146       1       org.eclipse.jdt.launching.internal.org.objectweb.asm.SymbolTable::getMajorVersion (5 bytes)
Event: 0.694 Thread 0x00007ffc9b832000 nmethod 146 0x000000010835c350 code [0x000000010835c4a0, 0x000000010835c5b0]
Event: 94.293 Thread 0x00007ffc9b832000  147       3       sun.instrument.InstrumentationImpl::transform (38 bytes)
Event: 94.294 Thread 0x00007ffc9b832000 nmethod 147 0x000000010835f8d0 code [0x000000010835fa40, 0x000000010835fce8]
Event: 94.294 Thread 0x00007ffc9b832000  148   !   3       sun.instrument.TransformerManager::transform (98 bytes)
Event: 94.295 Thread 0x00007ffc9b832000 nmethod 148 0x000000010835fdd0 code [0x000000010835ff60, 0x0000000108360408]
Event: 94.295 Thread 0x00007ffc9b832000  149       1       sun.instrument.TransformerManager::getSnapshotTransformerList (5 bytes)
Event: 94.295 Thread 0x00007ffc9b832000 nmethod 149 0x00000001083575d0 code [0x0000000108357720, 0x0000000108357830]

GC Heap History (0 events):
No events

Deoptimization events (0 events):
No events

Classes redefined (0 events):
No events

Internal exceptions (5 events):
Event: 0.043 Thread 0x00007ffc9a801000 Exception <a 'java/lang/NoSuchMethodError': Method sun.misc.Unsafe.defineClass(Ljava/lang/String;[BII)Ljava/lang/Class; name or signature does not match> (0x0000000795587cb0) thrown at [/Users/java_re/workspace/8-2-build-macosx-x86_64/jdk8u172/10810/hotsp
Event: 0.043 Thread 0x00007ffc9a801000 Exception <a 'java/lang/NoSuchMethodError': Method sun.misc.Unsafe.prefetchRead(Ljava/lang/Object;J)V name or signature does not match> (0x0000000795587f98) thrown at [/Users/java_re/workspace/8-2-build-macosx-x86_64/jdk8u172/10810/hotspot/src/share/vm/pr
Event: 27.480 Thread 0x00007ffc9b049000 Exception <a 'java/lang/StackOverflowError'> (0x0000000795c90218) thrown at [/Users/java_re/workspace/8-2-build-macosx-x86_64/jdk8u172/10810/hotspot/src/share/vm/interpreter/interpreterRuntime.cpp, line 323]
Event: 94.299 Thread 0x00007ffc9b049000 Exception <a 'java/lang/StackOverflowError'> (0x0000000795c90218) thrown at [/Users/java_re/workspace/8-2-build-macosx-x86_64/jdk8u172/10810/hotspot/src/share/vm/oops/instanceKlass.cpp, line 959]
Event: 94.300 Thread 0x00007ffc9b049000 Exception <a 'java/io/IOException'> (0x0000000795c941e8) thrown at [/Users/java_re/workspace/8-2-build-macosx-x86_64/jdk8u172/10810/hotspot/src/share/vm/prims/jni.cpp, line 709]

Events (10 events):
Event: 94.293 loading class sun/misc/Signal$1
Event: 94.293 loading class sun/misc/Signal$1 done
Event: 94.294 Thread 0x00007ffc9ab22800 Thread added: 0x00007ffc9ab22800
Event: 94.294 loading class java/lang/Shutdown
Event: 94.294 loading class java/lang/Shutdown done
Event: 94.294 loading class java/lang/Shutdown$Lock
Event: 94.294 loading class java/lang/Shutdown$Lock done
Event: 94.300 loading class java/io/InterruptedIOException
Event: 94.300 loading class java/io/InterruptedIOException done
Event: 94.300 Executing VM operation: Deoptimize


Dynamic libraries:
0x00007fff8a359000 	/System/Library/Frameworks/Cocoa.framework/Versions/A/Cocoa
0x00007fff99fc8000 	/System/Library/Frameworks/Security.framework/Versions/A/Security
0x00007fff989df000 	/System/Library/Frameworks/ApplicationServices.framework/Versions/A/ApplicationServices
0x00007fff96020000 	/usr/lib/libz.1.dylib
0x00007fff901bc000 	/usr/lib/libSystem.B.dylib
0x00007fff8d638000 	/usr/lib/libobjc.A.dylib
0x00007fff8bb69000 	/System/Library/Frameworks/CoreFoundation.framework/Versions/A/CoreFoundation
0x00007fff9761a000 	/System/Library/Frameworks/Foundation.framework/Versions/C/Foundation
0x00007fff9305e000 	/System/Library/Frameworks/AppKit.framework/Versions/C/AppKit
0x00007fff9c1b5000 	/System/Library/Frameworks/CoreData.framework/Versions/A/CoreData
0x00007fff98204000 	/System/Library/PrivateFrameworks/RemoteViewServices.framework/Versions/A/RemoteViewServices
0x00007fff99d07000 	/System/Library/PrivateFrameworks/UIFoundation.framework/Versions/A/UIFoundation
0x00007fff984e1000 	/usr/lib/libScreenReader.dylib
0x00007fff89d02000 	/System/Library/Frameworks/Accelerate.framework/Versions/A/Accelerate
0x00007fff90034000 	/System/Library/Frameworks/IOSurface.framework/Versions/A/IOSurface
0x00007fff892ea000 	/System/Library/Frameworks/AudioToolbox.framework/Versions/A/AudioToolbox
0x00007fff95a16000 	/System/Library/Frameworks/AudioUnit.framework/Versions/A/AudioUnit
0x00007fff8981e000 	/System/Library/PrivateFrameworks/DataDetectorsCore.framework/Versions/A/DataDetectorsCore
0x00007fff98879000 	/System/Library/PrivateFrameworks/DesktopServicesPriv.framework/Versions/A/DesktopServicesPriv
0x00007fff8b520000 	/System/Library/Frameworks/Carbon.framework/Versions/A/Frameworks/HIToolbox.framework/Versions/A/HIToolbox
0x00007fff87635000 	/System/Library/Frameworks/QuartzCore.framework/Versions/A/QuartzCore
0x00007fff92bc1000 	/System/Library/Frameworks/Carbon.framework/Versions/A/Frameworks/SpeechRecognition.framework/Versions/A/SpeechRecognition
0x00007fff90244000 	/usr/lib/libauto.dylib
0x00007fff8e4dd000 	/usr/lib/libicucore.A.dylib
0x00007fff95911000 	/usr/lib/libxml2.2.dylib
0x00007fff87807000 	/System/Library/PrivateFrameworks/CoreUI.framework/Versions/A/CoreUI
0x00007fff8ea0e000 	/System/Library/Frameworks/CoreAudio.framework/Versions/A/CoreAudio
0x00007fff88e68000 	/System/Library/Frameworks/DiskArbitration.framework/Versions/A/DiskArbitration
0x00007fff979ca000 	/usr/lib/liblangid.dylib
0x00007fff89b38000 	/System/Library/PrivateFrameworks/MultitouchSupport.framework/Versions/A/MultitouchSupport
0x00007fff96051000 	/System/Library/Frameworks/IOKit.framework/Versions/A/IOKit
0x00007fff9a2bd000 	/usr/lib/libDiagnosticMessagesClient.dylib
0x00007fff979c9000 	/System/Library/Frameworks/CoreServices.framework/Versions/A/CoreServices
0x00007fff90cc5000 	/System/Library/PrivateFrameworks/PerformanceAnalysis.framework/Versions/A/PerformanceAnalysis
0x00007fff8bfe0000 	/System/Library/PrivateFrameworks/GenerationalStorage.framework/Versions/A/GenerationalStorage
0x00007fff88845000 	/System/Library/Frameworks/OpenGL.framework/Versions/A/OpenGL
0x00007fff892a0000 	/System/Library/PrivateFrameworks/Sharing.framework/Versions/A/Sharing
0x00007fff9a893000 	/System/Library/Frameworks/CoreGraphics.framework/Versions/A/CoreGraphics
0x00007fff8fe12000 	/System/Library/Frameworks/CoreImage.framework/Versions/A/CoreImage
0x00007fff9a691000 	/System/Library/Frameworks/CoreText.framework/Versions/A/CoreText
0x00007fff8ea8c000 	/System/Library/Frameworks/ImageIO.framework/Versions/A/ImageIO
0x00007fff8622c000 	/System/Library/PrivateFrameworks/Backup.framework/Versions/A/Backup
0x00007fff8ed9d000 	/usr/lib/libextension.dylib
0x00007fff888db000 	/usr/lib/libarchive.2.dylib
0x00007fff8c254000 	/System/Library/Frameworks/CFNetwork.framework/Versions/A/CFNetwork
0x00007fff981a5000 	/System/Library/Frameworks/SystemConfiguration.framework/Versions/A/SystemConfiguration
0x00007fff89491000 	/usr/lib/libCRFSuite.dylib
0x00007fff8fc53000 	/usr/lib/libc++.1.dylib
0x00007fff8b4f6000 	/usr/lib/libc++abi.dylib
0x00007fff87dc5000 	/usr/lib/system/libcache.dylib
0x00007fff9867e000 	/usr/lib/system/libcommonCrypto.dylib
0x00007fff8ee23000 	/usr/lib/system/libcompiler_rt.dylib
0x00007fff88185000 	/usr/lib/system/libcopyfile.dylib
0x00007fff95f1f000 	/usr/lib/system/libcorecrypto.dylib
0x00007fff9a2bf000 	/usr/lib/system/libdispatch.dylib
0x00007fff929a1000 	/usr/lib/system/libdyld.dylib
0x00007fff9a3fe000 	/usr/lib/system/libkeymgr.dylib
0x00007fff919bd000 	/usr/lib/system/liblaunch.dylib
0x00007fff989e0000 	/usr/lib/system/libmacho.dylib
0x00007fff8ea63000 	/usr/lib/system/libquarantine.dylib
0x00007fff8a08b000 	/usr/lib/system/libremovefile.dylib
0x00007fff97a48000 	/usr/lib/system/libsystem_asl.dylib
0x00007fff9621c000 	/usr/lib/system/libsystem_blocks.dylib
0x00007fff88e6e000 	/usr/lib/system/libsystem_c.dylib
0x00007fff9a676000 	/usr/lib/system/libsystem_configuration.dylib
0x00007fff95fad000 	/usr/lib/system/libsystem_coreservices.dylib
0x00007fff90cad000 	/usr/lib/system/libsystem_coretls.dylib
0x00007fff8dfe6000 	/usr/lib/system/libsystem_dnssd.dylib
0x00007fff980f4000 	/usr/lib/system/libsystem_info.dylib
0x00007fff8a1cb000 	/usr/lib/system/libsystem_kernel.dylib
0x00007fff984e5000 	/usr/lib/system/libsystem_m.dylib
0x00007fff90199000 	/usr/lib/system/libsystem_malloc.dylib
0x00007fff8b20a000 	/usr/lib/system/libsystem_network.dylib
0x00007fff89b70000 	/usr/lib/system/libsystem_networkextension.dylib
0x00007fff97a3e000 	/usr/lib/system/libsystem_notify.dylib
0x00007fff8e00f000 	/usr/lib/system/libsystem_platform.dylib
0x00007fff8c53a000 	/usr/lib/system/libsystem_pthread.dylib
0x00007fff8c014000 	/usr/lib/system/libsystem_sandbox.dylib
0x00007fff8edbf000 	/usr/lib/system/libsystem_secinit.dylib
0x00007fff9a67f000 	/usr/lib/system/libsystem_trace.dylib
0x00007fff8e0d3000 	/usr/lib/system/libunc.dylib
0x00007fff8fc4d000 	/usr/lib/system/libunwind.dylib
0x00007fff88854000 	/usr/lib/system/libxpc.dylib
0x00007fff97b2d000 	/usr/lib/libenergytrace.dylib
0x00007fff89066000 	/usr/lib/libbsm.0.dylib
0x00007fff8d5a3000 	/usr/lib/system/libkxld.dylib
0x00007fff88149000 	/usr/lib/libxar.1.dylib
0x00007fff8b283000 	/usr/lib/libsqlite3.dylib
0x00007fff980aa000 	/usr/lib/libpam.2.dylib
0x00007fff8a6a5000 	/usr/lib/libOpenScriptingUtil.dylib
0x00007fff93c88000 	/usr/lib/libbz2.1.0.dylib
0x00007fff98051000 	/usr/lib/liblzma.5.dylib
0x00007fff9be11000 	/System/Library/Frameworks/CoreServices.framework/Versions/A/Frameworks/FSEvents.framework/Versions/A/FSEvents
0x00007fff8caaf000 	/System/Library/Frameworks/CoreServices.framework/Versions/A/Frameworks/CarbonCore.framework/Versions/A/CarbonCore
0x00007fff8c1b3000 	/System/Library/Frameworks/CoreServices.framework/Versions/A/Frameworks/Metadata.framework/Versions/A/Metadata
0x00007fff89a75000 	/System/Library/Frameworks/CoreServices.framework/Versions/A/Frameworks/OSServices.framework/Versions/A/OSServices
0x00007fff8e8f3000 	/System/Library/Frameworks/CoreServices.framework/Versions/A/Frameworks/SearchKit.framework/Versions/A/SearchKit
0x00007fff86570000 	/System/Library/Frameworks/CoreServices.framework/Versions/A/Frameworks/AE.framework/Versions/A/AE
0x00007fff8b81f000 	/System/Library/Frameworks/CoreServices.framework/Versions/A/Frameworks/LaunchServices.framework/Versions/A/LaunchServices
0x00007fff90290000 	/System/Library/Frameworks/CoreServices.framework/Versions/A/Frameworks/DictionaryServices.framework/Versions/A/DictionaryServices
0x00007fff8ba41000 	/System/Library/Frameworks/CoreServices.framework/Versions/A/Frameworks/SharedFileList.framework/Versions/A/SharedFileList
0x00007fff99962000 	/System/Library/Frameworks/NetFS.framework/Versions/A/NetFS
0x00007fff9a7ca000 	/System/Library/PrivateFrameworks/NetAuth.framework/Versions/A/NetAuth
0x00007fff89288000 	/System/Library/PrivateFrameworks/login.framework/Versions/A/Frameworks/loginsupport.framework/Versions/A/loginsupport
0x00007fff901b6000 	/System/Library/PrivateFrameworks/TCC.framework/Versions/A/TCC
0x00007fff9996b000 	/usr/lib/libmecabra.dylib
0x00007fff911a9000 	/System/Library/Frameworks/ApplicationServices.framework/Versions/A/Frameworks/ATS.framework/Versions/A/ATS
0x00007fff96250000 	/System/Library/Frameworks/ApplicationServices.framework/Versions/A/Frameworks/ColorSync.framework/Versions/A/ColorSync
0x00007fff97e28000 	/System/Library/Frameworks/ApplicationServices.framework/Versions/A/Frameworks/HIServices.framework/Versions/A/HIServices
0x00007fff87e17000 	/System/Library/Frameworks/ApplicationServices.framework/Versions/A/Frameworks/LangAnalysis.framework/Versions/A/LangAnalysis
0x00007fff9a263000 	/System/Library/Frameworks/ApplicationServices.framework/Versions/A/Frameworks/PrintCore.framework/Versions/A/PrintCore
0x00007fff9a41d000 	/System/Library/Frameworks/ApplicationServices.framework/Versions/A/Frameworks/QD.framework/Versions/A/QD
0x00007fff879db000 	/System/Library/Frameworks/ApplicationServices.framework/Versions/A/Frameworks/SpeechSynthesis.framework/Versions/A/SpeechSynthesis
0x00007fff88e25000 	/System/Library/Frameworks/Metal.framework/Versions/A/Metal
0x00007fff9be1a000 	/System/Library/Frameworks/Accelerate.framework/Versions/A/Frameworks/vImage.framework/Versions/A/vImage
0x00007fff9c518000 	/System/Library/Frameworks/Accelerate.framework/Versions/A/Frameworks/vecLib.framework/Versions/A/vecLib
0x00007fff86437000 	/System/Library/Frameworks/Accelerate.framework/Versions/A/Frameworks/vecLib.framework/Versions/A/libvDSP.dylib
0x00007fff94df4000 	/System/Library/Frameworks/Accelerate.framework/Versions/A/Frameworks/vecLib.framework/Versions/A/libvMisc.dylib
0x00007fff85e2f000 	/System/Library/Frameworks/Accelerate.framework/Versions/A/Frameworks/vecLib.framework/Versions/A/libLAPACK.dylib
0x00007fff8c943000 	/System/Library/Frameworks/Accelerate.framework/Versions/A/Frameworks/vecLib.framework/Versions/A/libBLAS.dylib
0x00007fff887af000 	/System/Library/Frameworks/Accelerate.framework/Versions/A/Frameworks/vecLib.framework/Versions/A/libLinearAlgebra.dylib
0x00007fff9a3ff000 	/System/Library/Frameworks/Accelerate.framework/Versions/A/Frameworks/vecLib.framework/Versions/A/libSparseBLAS.dylib
0x00007fff9c517000 	/System/Library/PrivateFrameworks/GPUCompiler.framework/libmetal_timestamp.dylib
0x00007fff98850000 	/System/Library/Frameworks/OpenGL.framework/Versions/A/Libraries/libCoreFSCache.dylib
0x00007fff8b3a8000 	/System/Library/PrivateFrameworks/IOAccelerator.framework/Versions/A/IOAccelerator
0x00007fff929e1000 	/System/Library/Frameworks/ApplicationServices.framework/Versions/A/Frameworks/ATS.framework/Versions/A/Resources/libFontParser.dylib
0x00007fff8ba92000 	/System/Library/Frameworks/ApplicationServices.framework/Versions/A/Frameworks/ATS.framework/Versions/A/Resources/libFontRegistry.dylib
0x00007fff88f9d000 	/System/Library/PrivateFrameworks/AppleVPA.framework/Versions/A/AppleVPA
0x00007fff8951a000 	/System/Library/PrivateFrameworks/AppleJPEG.framework/Versions/A/AppleJPEG
0x00007fff8cda9000 	/System/Library/Frameworks/ImageIO.framework/Versions/A/Resources/libJPEG.dylib
0x00007fff87f42000 	/System/Library/Frameworks/ImageIO.framework/Versions/A/Resources/libTIFF.dylib
0x00007fff8ea66000 	/System/Library/Frameworks/ImageIO.framework/Versions/A/Resources/libPng.dylib
0x00007fff98a0b000 	/System/Library/Frameworks/ImageIO.framework/Versions/A/Resources/libGIF.dylib
0x00007fff97f60000 	/System/Library/Frameworks/ImageIO.framework/Versions/A/Resources/libJP2.dylib
0x00007fff8a6a6000 	/System/Library/Frameworks/ImageIO.framework/Versions/A/Resources/libRadiance.dylib
0x00007fff97ba4000 	/System/Library/Frameworks/CoreVideo.framework/Versions/A/CoreVideo
0x00007fff8d561000 	/System/Library/Frameworks/OpenGL.framework/Versions/A/Libraries/libGLU.dylib
0x00007fff87366000 	/System/Library/Frameworks/OpenGL.framework/Versions/A/Libraries/libGFXShared.dylib
0x00007fff8e82c000 	/System/Library/Frameworks/OpenGL.framework/Versions/A/Libraries/libGL.dylib
0x00007fff95a35000 	/System/Library/Frameworks/OpenGL.framework/Versions/A/Libraries/libGLImage.dylib
0x00007fff9bae2000 	/System/Library/Frameworks/OpenGL.framework/Versions/A/Libraries/libCVMSPluginSupport.dylib
0x00007fff8b4ef000 	/System/Library/Frameworks/OpenGL.framework/Versions/A/Libraries/libCoreVMClient.dylib
0x00007fff96038000 	/usr/lib/libcompression.dylib
0x00007fff8fb99000 	/usr/lib/libcups.2.dylib
0x00007fff96111000 	/System/Library/Frameworks/Kerberos.framework/Versions/A/Kerberos
0x00007fff94dc2000 	/System/Library/Frameworks/GSS.framework/Versions/A/GSS
0x00007fff87e27000 	/usr/lib/libresolv.9.dylib
0x00007fff92f63000 	/usr/lib/libiconv.2.dylib
0x00007fff87ab4000 	/System/Library/PrivateFrameworks/Heimdal.framework/Versions/A/Heimdal
0x00007fff96032000 	/usr/lib/libheimdal-asn1.dylib
0x00007fff8fcd7000 	/System/Library/Frameworks/OpenDirectory.framework/Versions/A/OpenDirectory
0x00007fff8fdb1000 	/System/Library/PrivateFrameworks/CommonAuth.framework/Versions/A/CommonAuth
0x00007fff98836000 	/System/Library/Frameworks/OpenDirectory.framework/Versions/A/Frameworks/CFOpenDirectory.framework/Versions/A/CFOpenDirectory
0x00007fff8e05e000 	/System/Library/Frameworks/SecurityFoundation.framework/Versions/A/SecurityFoundation
0x00007fff8e966000 	/System/Library/PrivateFrameworks/LanguageModeling.framework/Versions/A/LanguageModeling
0x00007fff96003000 	/usr/lib/libmarisa.dylib
0x00007fff979d9000 	/usr/lib/libChineseTokenizer.dylib
0x00007fff9a664000 	/usr/lib/libcmph.dylib
0x00007fff97c7e000 	/System/Library/Frameworks/ServiceManagement.framework/Versions/A/ServiceManagement
0x00007fff8ce8a000 	/usr/lib/libxslt.1.dylib
0x00007fff92ecd000 	/System/Library/Frameworks/Carbon.framework/Versions/A/Frameworks/Ink.framework/Versions/A/Ink
0x00007fff9a458000 	/usr/lib/libFosl_dynamic.dylib
0x00007fff865d0000 	/System/Library/PrivateFrameworks/FaceCore.framework/Versions/A/FaceCore
0x00007fff8e7dc000 	/System/Library/Frameworks/OpenCL.framework/Versions/A/OpenCL
0x00007fff9a411000 	/System/Library/PrivateFrameworks/CrashReporterSupport.framework/Versions/A/CrashReporterSupport
0x00007fff8e03b000 	/System/Library/PrivateFrameworks/IconServices.framework/Versions/A/IconServices
0x00007fff8dfef000 	/System/Library/PrivateFrameworks/Apple80211.framework/Versions/A/Apple80211
0x00007fff8fce4000 	/System/Library/Frameworks/CoreWLAN.framework/Versions/A/CoreWLAN
0x00007fff9823d000 	/System/Library/Frameworks/IOBluetooth.framework/Versions/A/IOBluetooth
0x00007fff90c45000 	/System/Library/PrivateFrameworks/CoreWiFi.framework/Versions/A/CoreWiFi
0x00007fff980af000 	/System/Library/Frameworks/CoreBluetooth.framework/Versions/A/CoreBluetooth
0x00007fff90478000 	/System/Library/PrivateFrameworks/ChunkingLibrary.framework/Versions/A/ChunkingLibrary
0x00007fff983b7000 	/System/Library/PrivateFrameworks/DebugSymbols.framework/Versions/A/DebugSymbols
0x00007fff8d5af000 	/System/Library/PrivateFrameworks/CoreSymbolication.framework/Versions/A/CoreSymbolication
0x00007fff98366000 	/System/Library/PrivateFrameworks/Symbolication.framework/Versions/A/Symbolication
0x00007fff8c007000 	/System/Library/PrivateFrameworks/SpeechRecognitionCore.framework/Versions/A/SpeechRecognitionCore
0x000000010683b000 	/System/Library/CoreServices/Encodings/libSimplifiedChineseConverter.dylib
0x000000010687f000 	/Library/Java/JavaVirtualMachines/jdk1.8.0_172.jdk/Contents/Home/jre/lib/server/libjvm.dylib
0x00007fff8a4c1000 	/usr/lib/libstdc++.6.dylib
0x0000000107838000 	/Library/Java/JavaVirtualMachines/jdk1.8.0_172.jdk/Contents/Home/jre/lib/libverify.dylib
0x0000000107846000 	/Library/Java/JavaVirtualMachines/jdk1.8.0_172.jdk/Contents/Home/jre/lib/libjava.dylib
0x000000010787d000 	/Library/Java/JavaVirtualMachines/jdk1.8.0_172.jdk/Contents/Home/jre/lib/libjdwp.dylib
0x00000001078c8000 	/Library/Java/JavaVirtualMachines/jdk1.8.0_172.jdk/Contents/Home/jre/lib/libnpt.dylib
0x00000001078cc000 	/Library/Java/JavaVirtualMachines/jdk1.8.0_172.jdk/Contents/Home/jre/lib/libinstrument.dylib
0x000000010792a000 	/Library/Java/JavaVirtualMachines/jdk1.8.0_172.jdk/Contents/Home/jre/lib/libzip.dylib
0x000000011f38b000 	/Library/Java/JavaVirtualMachines/jdk1.8.0_172.jdk/Contents/Home/jre/lib/libdt_socket.dylib

VM Arguments:
jvm_args: -agentlib:jdwp=transport=dt_socket,suspend=y,address=localhost:61139 -javaagent:/Users/user/eclipse/jee-photon/Eclipse.app/Contents/Eclipse/configuration/org.eclipse.osgi/411/0/.cp/lib/javaagent-shaded.jar -Dfile.encoding=UTF-8 
java_command: pool.Client
java_class_path (initial): /Library/Java/JavaVirtualMachines/jdk1.8.0_172.jdk/Contents/Home/jre/lib/resources.jar:/Library/Java/JavaVirtualMachines/jdk1.8.0_172.jdk/Contents/Home/jre/lib/rt.jar:/Library/Java/JavaVirtualMachines/jdk1.8.0_172.jdk/Contents/Home/jre/lib/jsse.jar:/Library/Java/JavaVirtualMachines/jdk1.8.0_172.jdk/Contents/Home/jre/lib/jce.jar:/Library/Java/JavaVirtualMachines/jdk1.8.0_172.jdk/Contents/Home/jre/lib/charsets.jar:/Library/Java/JavaVirtualMachines/jdk1.8.0_172.jdk/Contents/Home/jre/lib/jfr.jar:/Library/Java/JavaVirtualMachines/jdk1.8.0_172.jdk/Contents/Home/jre/lib/ext/cldrdata.jar:/Library/Java/JavaVirtualMachines/jdk1.8.0_172.jdk/Contents/Home/jre/lib/ext/dnsns.jar:/Library/Java/JavaVirtualMachines/jdk1.8.0_172.jdk/Contents/Home/jre/lib/ext/jaccess.jar:/Library/Java/JavaVirtualMachines/jdk1.8.0_172.jdk/Contents/Home/jre/lib/ext/jfxrt.jar:/Library/Java/JavaVirtualMachines/jdk1.8.0_172.jdk/Contents/Home/jre/lib/ext/localedata.jar:/Library/Java/JavaVirtualMachines/jdk1.8.0_172.jdk/Contents/Home/jre/lib/ext/nashorn.jar:/Library/Java/JavaVirtualMachines/jdk1.8.0_172.jdk/Contents/Home/jre/lib/ext/sunec.jar:/Library/Java/JavaVirtualMachines/jdk1.8.0_172.jdk/Contents/Home/jre/lib/ext/sunjce_provider.jar:/Library/Java/JavaVirtualMachines/jdk1.8.0_172.jdk/Contents/Home/jre/lib/ext/sunpkcs11.jar:/Library/Java/JavaVirtualMachines/jdk1.8.0_172.jdk/Contents/Home/jre/lib/ext/zipfs.jar:/System/Library/Java/Extensions/MRJToolkit.jar:/Users/user/workspace1/mybatis/target/classes:/Users/user/.m2/repository/mysql/mysql-connector-java/8.0.13/mysql-connector-java-8.0.13.jar:/Users/user/.m2/repository/com/google/protobuf/protobuf-java/3.6.1/protobuf-java-3.6.1.jar:/Users/user/.m2/repository/com/alibaba/fastjson/1.2.41/fastjson-1.2.41.jar:/Users/user/eclipse/jee-photon/Eclipse.app/Contents/Eclipse/configuration/org.eclipse.osgi/411/0/.cp/lib/javaagent-shaded.jar
Launcher Type: SUN_STANDARD

Environment Variables:
PATH=/usr/bin:/bin:/usr/sbin:/sbin
SHELL=/bin/bash

Signal Handlers:
SIGSEGV: [libjvm.dylib+0x5b6fd9], sa_mask[0]=11111111011111110111111111111111, sa_flags=SA_ONSTACK|SA_RESTART|SA_SIGINFO
SIGBUS: [libjvm.dylib+0x5b6fd9], sa_mask[0]=11111111011111110111111111111111, sa_flags=SA_RESTART|SA_SIGINFO
SIGFPE: [libjvm.dylib+0x48c8e8], sa_mask[0]=11111111011111110111111111111111, sa_flags=SA_RESTART|SA_SIGINFO
SIGPIPE: [libjvm.dylib+0x48c8e8], sa_mask[0]=11111111011111110111111111111111, sa_flags=SA_RESTART|SA_SIGINFO
SIGXFSZ: [libjvm.dylib+0x48c8e8], sa_mask[0]=11111111011111110111111111111111, sa_flags=SA_RESTART|SA_SIGINFO
SIGILL: [libjvm.dylib+0x48c8e8], sa_mask[0]=11111111011111110111111111111111, sa_flags=SA_RESTART|SA_SIGINFO
SIGUSR1: SIG_DFL, sa_mask[0]=00000000000000000000000000000000, sa_flags=none
SIGUSR2: [libjvm.dylib+0x48c406], sa_mask[0]=00100000000000000000000000000000, sa_flags=SA_RESTART|SA_SIGINFO
SIGHUP: [libjvm.dylib+0x48a9d1], sa_mask[0]=11111111011111110111111111111111, sa_flags=SA_RESTART|SA_SIGINFO
SIGINT: [libjvm.dylib+0x48a9d1], sa_mask[0]=11111111011111110111111111111111, sa_flags=SA_RESTART|SA_SIGINFO
SIGTERM: [libjvm.dylib+0x48a9d1], sa_mask[0]=11111111011111110111111111111111, sa_flags=SA_RESTART|SA_SIGINFO
SIGQUIT: [libjvm.dylib+0x48a9d1], sa_mask[0]=11111111011111110111111111111111, sa_flags=SA_RESTART|SA_SIGINFO


---------------  S Y S T E M  ---------------

OS:Bsduname:Darwin 15.5.0 Darwin Kernel Version 15.5.0: Tue Apr 19 18:36:36 PDT 2016; root:xnu-3248.50.21~8/RELEASE_X86_64 x86_64
rlimit: STACK 8192k, CORE 0k, NPROC 709, NOFILE 10240, AS infinity
load average:2.41 2.81 2.90

CPU:total 4 (initial active 4) (2 cores per cpu, 2 threads per core) family 6 model 61 stepping 4, cmov, cx8, fxsr, mmx, sse, sse2, sse3, ssse3, sse4.1, sse4.2, popcnt, avx, avx2, aes, clmul, erms, 3dnowpref, lzcnt, ht, tsc, tscinvbit, bmi1, bmi2, adx

Memory: 4k page, physical 8388608k(652088k free)

/proc/meminfo:


vm_info: Java HotSpot(TM) 64-Bit Server VM (25.172-b11) for bsd-amd64 JRE (1.8.0_172-b11), built on Mar 28 2018 15:38:02 by "java_re" with gcc 4.2.1 (Based on Apple Inc. build 5658) (LLVM build 2336.11.00)

time: Sat Nov 24 22:24:15 2018
elapsed time: 94 seconds (0d 0h 1m 34s)

